<?xml version="1.0" encoding="UTF-8"?>
<!-- Generated by org.testng.reporters.JUnitXMLReporter -->
<testsuite hostname="tamaraPC" ignored="1" name="Test for Class2" tests="5" failures="0" timestamp="22 Feb 2018 05:33:52 GMT" time="0.049" errors="0">
  <testcase name="testPrint1" time="0.009" classname="TestFrameWork_Test.ClassTest2"/>
  <testcase name="testPrint2" time="0.001" classname="TestFrameWork_Test.ClassTest2"/>
  <testcase name="testPrint3" time="0.001" classname="TestFrameWork_Test.ClassTest2"/>
  <testcase name="testPrint1" time="0.002" classname="TestFrameWork_Test.ClassTest1"/>
  <testcase name="testPrint3" time="0.002" classname="TestFrameWork_Test.ClassTest1"/>
  <testcase name="testPrint2" time="0.0" classname="TestFrameWork_Test.ClassTest1">
    <ignored/>
  </testcase> <!-- testPrint2 -->
</testsuite> <!-- Test for Class2 -->
